Flow report for nio2_secure_memory
Mon Apr 19 22:11:51 2021
Quartus Prime Version 20.1.1 Build 720 11/11/2020 SJ Lite Edition


---------------------
; Table of Contents ;
---------------------
  1. Legal Notice
  2. Flow Summary
  3. Flow Settings
  4. Flow Non-Default Global Settings
  5. Flow Elapsed Time
  6. Flow OS Summary
  7. Flow Log
  8. Flow Messages
  9. Flow Suppressed Messages



----------------
; Legal Notice ;
----------------
Copyright (C) 2020  Intel Corporation. All rights reserved.
Your use of Intel Corporation's design tools, logic functions 
and other software and tools, and any partner logic 
functions, and any output files from any of the foregoing 
(including device programming or simulation files), and any 
associated documentation or information are expressly subject 
to the terms and conditions of the Intel Program License 
Subscription Agreement, the Intel Quartus Prime License Agreement,
the Intel FPGA IP License Agreement, or other applicable license
agreement, including, without limitation, that your use is for
the sole purpose of programming logic devices manufactured by
Intel and sold by Intel or its authorized distributors.  Please
refer to the applicable agreement for further details, at
https://fpgasoftware.intel.com/eula.



+----------------------------------------------------------------------------------+
; Flow Summary                                                                     ;
+------------------------------------+---------------------------------------------+
; Flow Status                        ; Successful - Mon Apr 19 22:11:46 2021       ;
; Quartus Prime Version              ; 20.1.1 Build 720 11/11/2020 SJ Lite Edition ;
; Revision Name                      ; nio2_secure_memory                          ;
; Top-level Entity Name              ; nio2_secure_memory                          ;
; Family                             ; Cyclone IV E                                ;
; Device                             ; EP4CE22F17C6                                ;
; Timing Models                      ; Final                                       ;
; Total logic elements               ; 2,923 / 22,320 ( 13 % )                     ;
;     Total combinational functions  ; 2,614 / 22,320 ( 12 % )                     ;
;     Dedicated logic registers      ; 1,774 / 22,320 ( 8 % )                      ;
; Total registers                    ; 1774                                        ;
; Total pins                         ; 9 / 154 ( 6 % )                             ;
; Total virtual pins                 ; 0                                           ;
; Total memory bits                  ; 192,384 / 608,256 ( 32 % )                  ;
; Embedded Multiplier 9-bit elements ; 6 / 132 ( 5 % )                             ;
; Total PLLs                         ; 0 / 4 ( 0 % )                               ;
+------------------------------------+---------------------------------------------+


+-----------------------------------------+
; Flow Settings                           ;
+-------------------+---------------------+
; Option            ; Setting             ;
+-------------------+---------------------+
; Start date & time ; 04/19/2021 22:10:28 ;
; Main task         ; Compilation         ;
; Revision Name     ; nio2_secure_memory  ;
+-------------------+---------------------+


+----------------------------------------------------------------------------------------------------------------------------------------------------------------+
; Flow Non-Default Global Settings                                                                                                                               ;
+-------------------------------------+-----------------------------------------------------------------------+---------------+---------------------+------------+
; Assignment Name                     ; Value                                                                 ; Default Value ; Entity Name         ; Section Id ;
+-------------------------------------+-----------------------------------------------------------------------+---------------+---------------------+------------+
; COMPILER_SIGNATURE_ID               ; 24062491136.161888462805492                                           ; --            ; --                  ; --         ;
; MAX_CORE_JUNCTION_TEMP              ; 85                                                                    ; --            ; --                  ; --         ;
; MIN_CORE_JUNCTION_TEMP              ; 0                                                                     ; --            ; --                  ; --         ;
; MISC_FILE                           ; nios2_secure_memory/synthesis/../nios2_secure_memory.cmp              ; --            ; --                  ; --         ;
; MISC_FILE                           ; nios2_secure_memory/synthesis/../../nios2_secure_memory.qsys          ; --            ; --                  ; --         ;
; NOMINAL_CORE_SUPPLY_VOLTAGE         ; 1.2V                                                                  ; --            ; --                  ; --         ;
; PARTITION_COLOR                     ; -- (Not supported for targeted family)                                ; --            ; --                  ; Top        ;
; PARTITION_FITTER_PRESERVATION_LEVEL ; -- (Not supported for targeted family)                                ; --            ; --                  ; Top        ;
; PARTITION_NETLIST_TYPE              ; -- (Not supported for targeted family)                                ; --            ; --                  ; Top        ;
; POWER_BOARD_THERMAL_MODEL           ; None (CONSERVATIVE)                                                   ; --            ; --                  ; --         ;
; POWER_PRESET_COOLING_SOLUTION       ; 23 MM HEAT SINK WITH 200 LFPM AIRFLOW                                 ; --            ; --                  ; --         ;
; PROJECT_OUTPUT_DIRECTORY            ; output_files                                                          ; --            ; --                  ; --         ;
; SLD_FILE                            ; nios2_secure_memory/synthesis/nios2_secure_memory.regmap              ; --            ; --                  ; --         ;
; SLD_FILE                            ; nios2_secure_memory/synthesis/nios2_secure_memory.debuginfo           ; --            ; --                  ; --         ;
; SLD_INFO                            ; QSYS_NAME nios2_secure_memory HAS_SOPCINFO 1 GENERATION_ID 1618884573 ; --            ; nios2_secure_memory ; --         ;
; SOPCINFO_FILE                       ; nios2_secure_memory/synthesis/../../nios2_secure_memory.sopcinfo      ; --            ; --                  ; --         ;
; SYNTHESIS_ONLY_QIP                  ; On                                                                    ; --            ; --                  ; --         ;
+-------------------------------------+-----------------------------------------------------------------------+---------------+---------------------+------------+


+--------------------------------------------------------------------------------------------------------------------------+
; Flow Elapsed Time                                                                                                        ;
+----------------------+--------------+-------------------------+---------------------+------------------------------------+
; Module Name          ; Elapsed Time ; Average Processors Used ; Peak Virtual Memory ; Total CPU Time (on all processors) ;
+----------------------+--------------+-------------------------+---------------------+------------------------------------+
; Analysis & Synthesis ; 00:00:50     ; 1.0                     ; 4942 MB             ; 00:01:17                           ;
; Fitter               ; 00:00:18     ; 1.1                     ; 5595 MB             ; 00:00:20                           ;
; Assembler            ; 00:00:03     ; 1.0                     ; 4706 MB             ; 00:00:02                           ;
; Timing Analyzer      ; 00:00:04     ; 1.3                     ; 4840 MB             ; 00:00:05                           ;
; Total                ; 00:01:15     ; --                      ; --                  ; 00:01:44                           ;
+----------------------+--------------+-------------------------+---------------------+------------------------------------+


+------------------------------------------------------------------------------------+
; Flow OS Summary                                                                    ;
+----------------------+------------------+------------+------------+----------------+
; Module Name          ; Machine Hostname ; OS Name    ; OS Version ; Processor type ;
+----------------------+------------------+------------+------------+----------------+
; Analysis & Synthesis ; dlerner-MOBL1    ; Windows 10 ; 10.0       ; x86_64         ;
; Fitter               ; dlerner-MOBL1    ; Windows 10 ; 10.0       ; x86_64         ;
; Assembler            ; dlerner-MOBL1    ; Windows 10 ; 10.0       ; x86_64         ;
; Timing Analyzer      ; dlerner-MOBL1    ; Windows 10 ; 10.0       ; x86_64         ;
+----------------------+------------------+------------+------------+----------------+


------------
; Flow Log ;
------------
quartus_map --read_settings_files=on --write_settings_files=off nio2_secure_memory -c nio2_secure_memory
quartus_fit --read_settings_files=off --write_settings_files=off nio2_secure_memory -c nio2_secure_memory
quartus_asm --read_settings_files=off --write_settings_files=off nio2_secure_memory -c nio2_secure_memory
quartus_sta nio2_secure_memory -c nio2_secure_memory



